# JRE version: Java(TM) SE Runtime Environment (20.0.1+9) (build 20.0.1+9-29)
# Java VM: Java HotSpot(TM) 64-Bit Server VM (20.0.1+9-29, mixed mode, sharing, tiered, compressed oops, compressed class ptrs, g1 gc, windows-amd64)
GC Precious Log:
 CardTable entry size: 512
 Card Set container configuration: InlinePtr #cards 5 size 8 Array Of Cards #cards 12 size 40 Howl #buckets 4 coarsen threshold 1843 Howl Bitmap #cards 512 size 80 coarsen threshold 460 Card regions per heap region 1 cards per card region 2048
 CPUs: 8 total, 8 available
 Memory: 7967M
 Large Page Support: Disabled
 NUMA Support: Disabled
 Compressed Oops: Enabled (32-bit)
 Heap Region Size: 1M
 Heap Min Capacity: 8M
 Heap Initial Capacity: 126M
 Heap Max Capacity: 1G
 Pre-touch: Disabled
 Parallel Workers: 8
 Concurrent Workers: 2
 Concurrent Refinement Workers: 8
 Periodic GC: Disabled
Heap:
 garbage-first heap   total 236544K, used 25272K [0x00000000c0000000, 0x0000000100000000)
  region size 1024K, 4 young (4096K), 4 survivors (4096K)
 Metaspace       used 5519K, committed 5760K, reserved 1114112K
  class space    used 538K, committed 640K, reserved 1048576K
GC Heap History (19 events):
Event: 1.301 GC heap before
{Heap before GC invocations=0 (full 0):
 garbage-first heap   total 129024K, used 22528K [0x00000000c0000000, 0x0000000100000000)
  region size 1024K, 23 young (23552K), 0 survivors (0K)
 Metaspace       used 4250K, committed 4416K, reserved 1114112K
  class space    used 406K, committed 448K, reserved 1048576K
}
Event: 1.304 GC heap after
{Heap after GC invocations=1 (full 0):
 garbage-first heap   total 129024K, used 2048K [0x00000000c0000000, 0x0000000100000000)
  region size 1024K, 2 young (2048K), 2 survivors (2048K)
 Metaspace       used 4250K, committed 4416K, reserved 1114112K
  class space    used 406K, committed 448K, reserved 1048576K
}
Event: 1.417 GC heap before
{Heap before GC invocations=1 (full 0):
 garbage-first heap   total 129024K, used 77824K [0x00000000c0000000, 0x0000000100000000)
  region size 1024K, 22 young (22528K), 2 survivors (2048K)
 Metaspace       used 5223K, committed 5440K, reserved 1114112K
  class space    used 502K, committed 576K, reserved 1048576K
}
Event: 1.419 GC heap after
{Heap after GC invocations=2 (full 0):
 garbage-first heap   total 129024K, used 25209K [0x00000000c0000000, 0x0000000100000000)
  region size 1024K, 3 young (3072K), 3 survivors (3072K)
 Metaspace       used 5223K, committed 5440K, reserved 1114112K
  class space    used 502K, committed 576K, reserved 1048576K
}
Event: 1.436 GC heap before
{Heap before GC invocations=2 (full 0):
 garbage-first heap   total 129024K, used 60025K [0x00000000c0000000, 0x0000000100000000)
  region size 1024K, 5 young (5120K), 3 survivors (3072K)
 Metaspace       used 5224K, committed 5440K, reserved 1114112K
  class space    used 502K, committed 576K, reserved 1048576K
}
Event: 1.438 GC heap after
{Heap after GC invocations=3 (full 0):
 garbage-first heap   total 129024K, used 25305K [0x00000000c0000000, 0x0000000100000000)
  region size 1024K, 3 young (3072K), 3 survivors (3072K)
 Metaspace       used 5224K, committed 5440K, reserved 1114112K
  class space    used 502K, committed 576K, reserved 1048576K
}
Event: 1.452 GC heap before
{Heap before GC invocations=3 (full 0):
 garbage-first heap   total 129024K, used 61145K [0x00000000c0000000, 0x0000000100000000)
  region size 1024K, 5 young (5120K), 3 survivors (3072K)
 Metaspace       used 5224K, committed 5440K, reserved 1114112K
  class space    used 502K, committed 576K, reserved 1048576K
}
Event: 1.454 GC heap after
{Heap after GC invocations=4 (full 0):
 garbage-first heap   total 129024K, used 21062K [0x00000000c0000000, 0x0000000100000000)
  region size 1024K, 3 young (3072K), 3 survivors (3072K)
 Metaspace       used 5224K, committed 5440K, reserved 1114112K
  class space    used 502K, committed 576K, reserved 1048576K
}
Event: 1.473 GC heap before
{Heap before GC invocations=4 (full 0):
 garbage-first heap   total 129024K, used 62022K [0x00000000c0000000, 0x0000000100000000)
  region size 1024K, 6 young (6144K), 3 survivors (3072K)
 Metaspace       used 5225K, committed 5440K, reserved 1114112K
  class space    used 502K, committed 576K, reserved 1048576K
}
Event: 1.475 GC heap after
{Heap after GC invocations=5 (full 0):
 garbage-first heap   total 129024K, used 23076K [0x00000000c0000000, 0x0000000100000000)
  region size 1024K, 3 young (3072K), 3 survivors (3072K)
 Metaspace       used 5225K, committed 5440K, reserved 1114112K
  class space    used 502K, committed 576K, reserved 1048576K
}
Event: 1.514 GC heap before
{Heap before GC invocations=5 (full 0):
 garbage-first heap   total 129024K, used 63012K [0x00000000c0000000, 0x0000000100000000)
  region size 1024K, 8 young (8192K), 3 survivors (3072K)
 Metaspace       used 5332K, committed 5504K, reserved 1114112K
  class space    used 514K, committed 576K, reserved 1048576K
}
Event: 1.516 GC heap after
{Heap after GC invocations=6 (full 0):
 garbage-first heap   total 236544K, used 6777K [0x00000000c0000000, 0x0000000100000000)
  region size 1024K, 3 young (3072K), 3 survivors (3072K)
 Metaspace       used 5332K, committed 5504K, reserved 1114112K
  class space    used 514K, committed 576K, reserved 1048576K
}
Event: 1.518 GC heap before
{Heap before GC invocations=6 (full 0):
 garbage-first heap   total 236544K, used 12921K [0x00000000c0000000, 0x0000000100000000)
  region size 1024K, 5 young (5120K), 3 survivors (3072K)
 Metaspace       used 5332K, committed 5504K, reserved 1114112K
  class space    used 514K, committed 576K, reserved 1048576K
}
Event: 1.520 GC heap after
{Heap after GC invocations=7 (full 0):
 garbage-first heap   total 236544K, used 13043K [0x00000000c0000000, 0x0000000100000000)
  region size 1024K, 3 young (3072K), 3 survivors (3072K)
 Metaspace       used 5332K, committed 5504K, reserved 1114112K
  class space    used 514K, committed 576K, reserved 1048576K
}
Event: 1.571 GC heap before
{Heap before GC invocations=7 (full 0):
 garbage-first heap   total 236544K, used 110323K [0x00000000c0000000, 0x0000000100000000)
  region size 1024K, 6 young (6144K), 3 survivors (3072K)
 Metaspace       used 5336K, committed 5504K, reserved 1114112K
  class space    used 514K, committed 576K, reserved 1048576K
}
Event: 1.574 GC heap after
{Heap after GC invocations=8 (full 0):
 garbage-first heap   total 236544K, used 19126K [0x00000000c0000000, 0x0000000100000000)
  region size 1024K, 3 young (3072K), 3 survivors (3072K)
 Metaspace       used 5336K, committed 5504K, reserved 1114112K
  class space    used 514K, committed 576K, reserved 1048576K
}
Event: 1.613 GC heap before
{Heap before GC invocations=8 (full 0):
 garbage-first heap   total 236544K, used 111286K [0x00000000c0000000, 0x0000000100000000)
  region size 1024K, 6 young (6144K), 3 survivors (3072K)
 Metaspace       used 5336K, committed 5504K, reserved 1114112K
  class space    used 514K, committed 576K, reserved 1048576K
}
Event: 1.615 GC heap after
{Heap after GC invocations=9 (full 0):
 garbage-first heap   total 236544K, used 21116K [0x00000000c0000000, 0x0000000100000000)
  region size 1024K, 3 young (3072K), 3 survivors (3072K)
 Metaspace       used 5336K, committed 5504K, reserved 1114112K
  class space    used 514K, committed 576K, reserved 1048576K
}
Event: 1.702 GC heap before
{Heap before GC invocations=9 (full 0):
 garbage-first heap   total 236544K, used 112252K [0x00000000c0000000, 0x0000000100000000)
  region size 1024K, 10 young (10240K), 3 survivors (3072K)
 Metaspace       used 5519K, committed 5760K, reserved 1114112K
  class space    used 538K, committed 640K, reserved 1048576K
}

